<?xml version="1.0" encoding="UTF-8"?>
<!-- Generated by org.testng.reporters.JUnitReportReporter -->
<testsuite hostname="LAPTOP-6OACLVLF" failures="0" tests="1" name="com.AppProject.AppLoginTest" time="5.084" errors="0" timestamp="2021-01-20T15:58:18 IST" skipped="0">
  <testcase classname="com.AppProject.AppLoginTest" name="verifylogin" time="5.084"/>
  <system-out/>
</testsuite> <!-- com.AppProject.AppLoginTest -->
